TN:
SF:src\config\holidays.config.ts
FN:93,(anonymous_0)
FN:143,isDateInPromotionalPeriod
FN:175,getActivePromotionalPeriod
FNF:3
FNH:3
FNDA:3,(anonymous_0)
FNDA:65,isDateInPromotionalPeriod
FNDA:21,getActivePromotionalPeriod
DA:29,3
DA:50,3
DA:93,3
DA:94,3
DA:95,3
DA:96,3
DA:102,3
DA:119,3
DA:134,3
DA:143,3
DA:144,65
DA:145,65
DA:148,65
DA:150,16
DA:158,49
DA:159,37
DA:161,12
DA:162,0
DA:164,12
DA:165,1
DA:167,11
DA:175,3
DA:176,21
DA:177,58
DA:178,12
DA:181,9
LF:26
LH:25
BRDA:93,0,0,3
BRDA:93,0,1,3
BRDA:148,1,0,16
BRDA:148,1,1,49
BRDA:151,2,0,16
BRDA:151,2,1,3
BRDA:151,2,2,13
BRDA:151,2,3,0
BRDA:151,2,4,13
BRDA:151,2,5,4
BRDA:151,2,6,9
BRDA:151,2,7,0
BRDA:158,3,0,37
BRDA:158,4,0,49
BRDA:158,4,1,17
BRDA:161,5,0,0
BRDA:161,6,0,12
BRDA:161,6,1,12
BRDA:164,7,0,1
BRDA:164,8,0,12
BRDA:164,8,1,12
BRDA:175,9,0,0
BRDA:177,10,0,12
BRF:23
BRH:19
end_of_record
TN:
SF:src\modules\customers\domain\customer.model.ts
FN:6,(anonymous_9)
FNF:1
FNH:1
FNDA:1,(anonymous_9)
DA:1,1
DA:6,1
DA:7,1
DA:8,1
DA:9,1
DA:42,1
DA:71,1
DA:73,1
LF:8
LH:8
BRDA:6,0,0,1
BRDA:6,0,1,1
BRF:2
BRH:2
end_of_record
TN:
SF:src\modules\inventory\commands\validation\create-product.schema.ts
FNF:0
FNH:0
DA:1,1
DA:7,1
LF:2
LH:2
BRF:0
BRH:0
end_of_record
TN:
SF:src\modules\orders\commands\validation\create-order.schema.ts
FNF:0
FNH:0
DA:1,1
DA:7,1
LF:2
LH:2
BRF:0
BRH:0
end_of_record
TN:
SF:src\modules\orders\services\discount.service.ts
FN:9,(anonymous_0)
FN:64,(anonymous_1)
FN:82,(anonymous_2)
FN:111,(anonymous_3)
FN:118,(anonymous_4)
FN:145,(anonymous_5)
FN:173,(anonymous_6)
FN:178,(anonymous_7)
FN:186,(anonymous_8)
FN:193,(anonymous_9)
FN:205,(anonymous_10)
FN:212,(anonymous_11)
FNF:12
FNH:11
FNDA:1,(anonymous_0)
FNDA:15,(anonymous_1)
FNDA:17,(anonymous_2)
FNDA:17,(anonymous_3)
FNDA:43,(anonymous_4)
FNDA:17,(anonymous_5)
FNDA:17,(anonymous_6)
FNDA:34,(anonymous_7)
FNDA:4,(anonymous_8)
FNDA:3,(anonymous_9)
FNDA:18,(anonymous_10)
FNDA:0,(anonymous_11)
DA:1,1
DA:9,1
DA:10,1
DA:11,1
DA:12,1
DA:13,1
DA:54,1
DA:69,15
DA:75,15
DA:87,17
DA:88,17
DA:91,17
DA:96,17
DA:117,17
DA:118,43
DA:121,17
DA:122,8
DA:125,9
DA:129,9
DA:149,17
DA:151,17
DA:152,8
DA:155,9
DA:159,9
DA:177,17
DA:178,34
DA:181,17
DA:182,3
DA:186,14
DA:187,14
DA:194,3
DA:206,18
DA:213,0
LF:33
LH:32
BRDA:9,0,0,1
BRDA:9,0,1,1
BRDA:67,1,0,0
BRDA:85,2,0,0
BRDA:121,3,0,8
BRDA:151,4,0,8
BRDA:181,5,0,3
BRF:7
BRH:5
end_of_record
TN:
SF:src\modules\orders\services\pricing.service.ts
FN:35,(anonymous_0)
FN:39,(anonymous_1)
FN:68,(anonymous_2)
FN:74,(anonymous_3)
FN:90,(anonymous_4)
FNF:5
FNH:3
FNDA:13,(anonymous_0)
FNDA:26,(anonymous_1)
FNDA:0,(anonymous_2)
FNDA:0,(anonymous_3)
FNDA:26,(anonymous_4)
DA:2,1
DA:25,1
DA:39,26
DA:41,13
DA:43,0
DA:52,13
DA:53,13
DA:54,13
DA:56,13
DA:73,0
DA:74,0
DA:79,0
DA:81,0
DA:91,26
LF:14
LH:9
BRDA:41,0,0,0
BRF:1
BRH:0
end_of_record
